[19:08:17] 201 - 196.6233ms POST /api/meeting/link
[19:25:01] 201 - 179.3856ms GET /api/meeting/link/60ae4d01c41968ac39ae24b5
[19:25:26] 201 - 286.9036ms GET /api/meeting/link/60ae4d01c41968ac39ae24b5
[19:33:52] 500 - 182.478ms GET /api/meeting/link/60ae4d01c41968ac39ae24b5
[19:37:14] 500 - 283.935ms GET /api/meeting/link/60ae4d01c41968ac39ae24b5
[19:42:41] 500 - 190.6282ms GET /api/meeting/link/60ae4d01c41968ac39ae24b5
[19:43:34] 201 - 406.1107ms GET /api/meeting/link/60ae4d01c41968ac39ae24b5
[19:51:01] 201 - 283.2519ms GET /api/meeting/link/60ae4d01c41968ac39ae24b5
[19:51:50] 500 - 182.8595ms GET /api/meeting/link/60ae4d01c41968ac39ae24b5
[19:52:20] 201 - 290.885ms GET /api/meeting/link/60ae4d01c41968ac39ae24b5
[19:58:25] 201 - 301.8953ms GET /api/meeting/link/60ae4d01c41968ac39ae24b5
[20:00:57] 201 - 1.2970823s GET /api/meeting/link/60ae4d01c41968ac39ae24b5
[20:03:35] 500 - 328.0436ms GET /api/meeting/link/60ae4d01c41968ac39ae24b5
[20:03:46] 500 - 287.5212ms GET /api/meeting/link/60ae4d01c41968ac39ae24b5
[20:04:24] 201 - 289.1901ms GET /api/meeting/link/60ae4d01c41968ac39ae24b5
[20:04:32] 201 - 183.3465ms GET /api/meeting/link/60ae4d01c41968ac39ae24b5
[20:06:35] 500 - 181.0069ms GET /api/meeting/link/60ae4d01c41968ac39ae24b5
[20:14:55] 201 - 286.4023ms GET /api/meeting/link/60ae4d01c41968ac39ae24b5
[20:15:03] 201 - 287.7491ms GET /api/meeting/link/60ae4d01c41968ac39ae24b5
[20:16:49] 201 - 284.6757ms GET /api/meeting/link/60ae4d01c41968ac39ae24b5
[20:19:21] 201 - 283.5858ms GET /api/meeting/link/60ae4d01c41968ac39ae24b5
[20:20:46] 201 - 287.5ms GET /api/meeting/link/60ae4d01c41968ac39ae24b5
[20:28:08] 201 - 284.4767ms GET /api/meeting/link/60ae4d01c41968ac39ae24b5
[20:30:18] 201 - 376.9116ms GET /api/meeting/link/60ae4d01c41968ac39ae24b5
[20:35:13] 500 - 182.4619ms GET /api/meeting/link/60ae4d01c41968ac39ae24b5
[20:36:44] 201 - 288.51ms GET /api/meeting/link/60ae4d01c41968ac39ae24b5
[21:27:59] 200 - 373.3258ms GET /api/meeting/link/60ae4d01c41968ac39ae24b5
[22:58:57] 201 - 314.0056ms POST /api/meeting/slot
[23:14:58] 201 - 333.4672ms POST /api/meeting/slot
[23:15:15] 201 - 90.6274ms POST /api/meeting/slot
[23:16:17] 201 - 337.2264ms POST /api/meeting/slot
[23:16:47] 201 - 356.7438ms POST /api/meeting/slot
[23:17:04] 201 - 412.1299ms POST /api/meeting/slot
[23:18:41] 201 - 332.8524ms POST /api/meeting/slot
[23:19:15] 201 - 351.1273ms POST /api/meeting/slot
[23:48:31] 201 - 297.4253ms POST /api/meeting/slot
[23:48:52] 500 - 0s POST /api/meeting/link
[23:49:03] 202 - 114.9976ms POST /api/auth/signin
[23:49:17] 201 - 224.5µs POST /api/meeting/link
[23:50:09] 201 - 535.4µs POST /api/meeting/link
[23:50:32] 201 - 1.5069ms POST /api/meeting/link
[23:53:31] 201 - 0s POST /api/meeting/link
[23:53:59] 201 - 999µs POST /api/meeting/link
[23:54:15] 201 - 999.3µs POST /api/meeting/link
[23:55:57] 201 - 1.0021ms POST /api/meeting/link
[23:58:51] 201 - 530µs POST /api/meeting/link
[00:03:10] 201 - 519.7µs POST /api/meeting/link
[00:04:18] 201 - 0s POST /api/meeting/link
[00:05:01] 201 - 999.8µs POST /api/meeting/link
[00:05:49] 201 - 519.4µs POST /api/meeting/link
[00:06:05] 201 - 557.3µs POST /api/meeting/link
[00:06:11] 201 - 1.0803ms POST /api/meeting/link
[00:07:54] 201 - 0s POST /api/meeting/link
[00:08:13] 201 - 521.9µs POST /api/meeting/link
[00:08:42] 201 - 977.6µs POST /api/meeting/link
[00:08:52] 201 - 953.8µs POST /api/meeting/link
[00:09:01] 201 - 0s POST /api/meeting/link
[00:11:46] 201 - 530.3µs POST /api/meeting/link
[00:12:09] 201 - 1.377ms POST /api/meeting/link
[00:12:35] 201 - 997.8µs POST /api/meeting/link
[00:12:55] 201 - 532.7µs POST /api/meeting/link
[00:13:16] 201 - 0s POST /api/meeting/link
[12:53:39] 500 - 0s POST /api/meeting/link
[12:53:52] 202 - 245.8625ms POST /api/auth/signin
[12:54:37] 201 - 1.1105ms POST /api/meeting/link
[13:25:30] 201 - 271.1643ms POST /api/meeting/link
[13:40:57] 500 - 224.6056ms POST /api/meeting/slot
[13:41:54] 500 - 220.3497ms POST /api/meeting/slot
[13:42:59] 500 - 215.6694ms POST /api/meeting/slot
[13:44:11] 500 - 243.1228ms POST /api/meeting/slot
[13:44:34] 500 - 57.426ms POST /api/meeting/slot
[13:46:33] 500 - 221.7188ms POST /api/meeting/slot
[13:47:02] 200 - 27.8182ms GET /api/meeting/link/60af5073131f11750944fffe
[13:47:13] 201 - 59.0586ms POST /api/meeting/slot
[16:53:43] 200 - 904.307ms GET /api/meeting/test
[16:54:23] 200 - 813.7953ms GET /api/meeting/test
[16:54:40] 200 - 683.1158ms GET /api/meeting/test
[16:56:08] 200 - 737.7022ms GET /api/meeting/test
